{"/home/igorcotrim/Development/react/boilerplate/boilerplate-vite/src/App.tsx": {"path":"/home/igorcotrim/Development/react/boilerplate/boilerplate-vite/src/App.tsx","statementMap":{"0":{"start":{"line":6,"column":28},"end":{"line":6,"column":39}},"1":{"start":{"line":8,"column":2},"end":{"line":42,"column":3}},"2":{"start":{"line":14,"column":47},"end":{"line":14,"column":77}},"3":{"start":{"line":14,"column":67},"end":{"line":14,"column":76}}},"fnMap":{"0":{"name":"App","decl":{"start":{"line":5,"column":9},"end":{"line":5,"column":12}},"loc":{"start":{"line":5,"column":15},"end":{"line":43,"column":1}},"line":5},"1":{"name":"(anonymous_1)","decl":{"start":{"line":14,"column":41},"end":{"line":14,"column":42}},"loc":{"start":{"line":14,"column":47},"end":{"line":14,"column":77}},"line":14},"2":{"name":"(anonymous_2)","decl":{"start":{"line":14,"column":56},"end":{"line":14,"column":57}},"loc":{"start":{"line":14,"column":67},"end":{"line":14,"column":76}},"line":14}},"branchMap":{},"s":{"0":0,"1":0,"2":0,"3":0},"f":{"0":0,"1":0,"2":0},"b":{}}
,"/home/igorcotrim/Development/react/boilerplate/boilerplate-vite/src/main.tsx": {"path":"/home/igorcotrim/Development/react/boilerplate/boilerplate-vite/src/main.tsx","statementMap":{"0":{"start":{"line":6,"column":0},"end":{"line":11,"column":1}}},"fnMap":{},"branchMap":{},"s":{"0":0},"f":{},"b":{}}
,"/home/igorcotrim/Development/react/boilerplate/boilerplate-vite/src/components/Main/index.tsx": {"path":"/home/igorcotrim/Development/react/boilerplate/boilerplate-vite/src/components/Main/index.tsx","statementMap":{"0":{"start":{"line":1,"column":13},"end":{"line":7,"column":1}},"1":{"start":{"line":2,"column":2},"end":{"line":6,"column":3}}},"fnMap":{"0":{"name":"(anonymous_0)","decl":{"start":{"line":1,"column":13},"end":{"line":1,"column":14}},"loc":{"start":{"line":1,"column":19},"end":{"line":7,"column":1}},"line":1}},"branchMap":{},"s":{"0":0,"1":0},"f":{"0":0},"b":{}}
}
